app/build/outputs/logs/manifest-merger-debug-report.txt
-- Merging decision tree log ---
manifest
ADDED from src/main/AndroidManifest.xml:2:1-64:12
	package
		ADDED from src/main/AndroidManifest.xml:3:5-34
		INJECTED from src/main/AndroidManifest.xml
		INJECTED from src/main/AndroidManifest.xml
	android:versionName
		INJECTED from src/main/AndroidManifest.xml
		INJECTED from src/main/AndroidManifest.xml
	xmlns:android
		ADDED from src/main/AndroidManifest.xml:2:11-69
	android:versionCode
		INJECTED from src/main/AndroidManifest.xml
		INJECTED from src/main/AndroidManifest.xml
uses-permission#android.permission.VIBRATE
ADDED from src/main/AndroidManifest.xml:5:5-66
	android:name
		ADDED from src/main/AndroidManifest.xml:5:22-63
uses-permission#android.permission.SEND_SMS
ADDED from src/main/AndroidManifest.xml:6:5-67
	android:name
		ADDED from src/main/AndroidManifest.xml:6:22-64
application
ADDED from src/main/AndroidManifest.xml:9:5-62:19
MERGED from [com.android.support:appcompat-v7:23.1.1] AndroidManifest.xml:22:5-20
MERGED from [com.android.support:support-v4:23.1.1] AndroidManifest.xml:22:5-20
MERGED from [com.android.support:support-v4:23.1.1] AndroidManifest.xml:22:5-20
MERGED from [com.google.android.gms:play-services-gcm:8.3.0] AndroidManifest.xml:24:5-20
MERGED from [com.google.android.gms:play-services-basement:8.3.0] AndroidManifest.xml:20:5-24:19
MERGED from [com.android.support:support-v4:23.1.1] AndroidManifest.xml:22:5-20
MERGED from [com.google.android.gms:play-services-measurement:8.3.0] AndroidManifest.xml:26:5-46:19
MERGED from [com.google.android.gms:play-services-basement:8.3.0] AndroidManifest.xml:20:5-24:19
MERGED from [com.android.support:support-v4:23.1.1] AndroidManifest.xml:22:5-20
MERGED from [com.nispok:snackbar:2.10.6] AndroidManifest.xml:10:5-20
MERGED from [com.android.support:support-v4:23.1.1] AndroidManifest.xml:22:5-20
MERGED from [:virtualcard:2.22.12] AndroidManifest.xml:26:5-93:19
	android:label
		ADDED from src/main/AndroidManifest.xml:12:9-41
	android:allowBackup
		ADDED from src/main/AndroidManifest.xml:10:9-36
	android:icon
		ADDED from src/main/AndroidManifest.xml:11:9-43
	android:theme
		ADDED from src/main/AndroidManifest.xml:13:9-40
meta-data#com.simplytapp.demo.CONSUMER_KEY
ADDED from src/main/AndroidManifest.xml:14:9-16:55
	android:resource
		ADDED from src/main/AndroidManifest.xml:16:13-52
	android:name
		ADDED from src/main/AndroidManifest.xml:15:13-60
meta-data#com.simplytapp.demo.CONSUMER_SECRET
ADDED from src/main/AndroidManifest.xml:17:9-19:58
	android:resource
		ADDED from src/main/AndroidManifest.xml:19:13-55
	android:name
		ADDED from src/main/AndroidManifest.xml:18:13-63
meta-data#com.simplytapp.demo.ACCESS_TOKEN
ADDED from src/main/AndroidManifest.xml:20:9-22:55
	android:resource
		ADDED from src/main/AndroidManifest.xml:22:13-52
	android:name
		ADDED from src/main/AndroidManifest.xml:21:13-60
meta-data#com.simplytapp.demo.TOKEN_SECRET
ADDED from src/main/AndroidManifest.xml:23:9-25:55
	android:resource
		ADDED from src/main/AndroidManifest.xml:25:13-52
	android:name
		ADDED from src/main/AndroidManifest.xml:24:13-60
activity#com.simplytapp.demo.ui.MainActivity
ADDED from src/main/AndroidManifest.xml:27:9-36:20
	android:label
		ADDED from src/main/AndroidManifest.xml:29:13-45
	android:launchMode
		ADDED from src/main/AndroidManifest.xml:30:13-44
	android:name
		ADDED from src/main/AndroidManifest.xml:28:13-44
intent-filter#android.intent.action.MAIN+android.intent.category.LAUNCHER
ADDED from src/main/AndroidManifest.xml:31:13-35:29
action#android.intent.action.MAIN
ADDED from src/main/AndroidManifest.xml:32:17-69
	android:name
		ADDED from src/main/AndroidManifest.xml:32:25-66
category#android.intent.category.LAUNCHER
ADDED from src/main/AndroidManifest.xml:34:17-77
	android:name
		ADDED from src/main/AndroidManifest.xml:34:27-74
activity#com.simplytapp.demo.ui.ManageCardsActivity
ADDED from src/main/AndroidManifest.xml:38:9-45:20
	android:label
		ADDED from src/main/AndroidManifest.xml:40:13-64
	android:parentActivityName
		ADDED from src/main/AndroidManifest.xml:41:13-58
	android:name
		ADDED from src/main/AndroidManifest.xml:39:13-51
meta-data#android.support.PARENT_ACTIVITY
ADDED from src/main/AndroidManifest.xml:42:13-44:52
	android:value
		ADDED from src/main/AndroidManifest.xml:44:17-49
	android:name
		ADDED from src/main/AndroidManifest.xml:43:17-63
activity#com.simplytapp.demo.ui.CredentialsActivity
ADDED from src/main/AndroidManifest.xml:47:9-51:61
	android:label
		ADDED from src/main/AndroidManifest.xml:50:13-54
	android:parentActivityName
		ADDED from src/main/AndroidManifest.xml:51:13-58
	android:configChanges
		ADDED from src/main/AndroidManifest.xml:49:13-74
	android:name
		ADDED from src/main/AndroidManifest.xml:48:13-51
receiver#com.simplytapp.demo.CardBroadcastReceiver
ADDED from src/main/AndroidManifest.xml:53:9-61:20
	android:enabled
		ADDED from src/main/AndroidManifest.xml:55:13-35
	android:exported
		ADDED from src/main/AndroidManifest.xml:56:13-37
	android:name
		ADDED from src/main/AndroidManifest.xml:54:13-50
intent-filter#com.simplytapp.virtualcard.ApduService.intent.MESSAGE+com.simplytapp.virtualcard.WakeupAlarmTriggered.intent.MESSAGE
ADDED from src/main/AndroidManifest.xml:57:13-60:29
action#com.simplytapp.virtualcard.ApduService.intent.MESSAGE
ADDED from src/main/AndroidManifest.xml:58:17-96
	android:name
		ADDED from src/main/AndroidManifest.xml:58:25-93
action#com.simplytapp.virtualcard.WakeupAlarmTriggered.intent.MESSAGE
ADDED from src/main/AndroidManifest.xml:59:17-105
	android:name
		ADDED from src/main/AndroidManifest.xml:59:25-102
uses-sdk
INJECTED from src/main/AndroidManifest.xml reason: use-sdk injection requested
MERGED from [com.android.support:appcompat-v7:23.1.1] AndroidManifest.xml:20:5-43
MERGED from [com.android.support:support-v4:23.1.1] AndroidManifest.xml:20:5-43
MERGED from [com.android.support:recyclerview-v7:23.1.1] AndroidManifest.xml:20:5-43
MERGED from [com.android.support:support-v4:23.1.1] AndroidManifest.xml:20:5-43
MERGED from [com.google.android.gms:play-services-gcm:8.3.0] AndroidManifest.xml:18:5-42
MERGED from [com.google.android.gms:play-services-base:8.3.0] AndroidManifest.xml:18:5-42
MERGED from [com.google.android.gms:play-services-basement:8.3.0] AndroidManifest.xml:18:5-42
MERGED from [com.android.support:support-v4:23.1.1] AndroidManifest.xml:20:5-43
MERGED from [com.google.android.gms:play-services-measurement:8.3.0] AndroidManifest.xml:18:5-42
MERGED from [com.google.android.gms:play-services-basement:8.3.0] AndroidManifest.xml:18:5-42
MERGED from [com.android.support:support-v4:23.1.1] AndroidManifest.xml:20:5-43
MERGED from [com.nispok:snackbar:2.10.6] AndroidManifest.xml:6:5-8:41
MERGED from [com.android.support:recyclerview-v7:23.1.1] AndroidManifest.xml:20:5-43
MERGED from [com.android.support:support-v4:23.1.1] AndroidManifest.xml:20:5-43
MERGED from [:virtualcard:2.22.12] AndroidManifest.xml:7:5-9:41
	android:targetSdkVersion
		INJECTED from src/main/AndroidManifest.xml
		INJECTED from src/main/AndroidManifest.xml
	android:minSdkVersion
		INJECTED from src/main/AndroidManifest.xml
		INJECTED from src/main/AndroidManifest.xml
uses-permission#com.google.android.c2dm.permission.RECEIVE
ADDED from [com.google.android.gms:play-services-gcm:8.3.0] AndroidManifest.xml:21:5-82
MERGED from [:virtualcard:2.22.12] AndroidManifest.xml:16:5-82
	android:name
		ADDED from [com.google.android.gms:play-services-gcm:8.3.0] AndroidManifest.xml:21:22-79
uses-permission#android.permission.INTERNET
ADDED from [com.google.android.gms:play-services-gcm:8.3.0] AndroidManifest.xml:22:5-67
MERGED from [com.google.android.gms:play-services-measurement:8.3.0] AndroidManifest.xml:21:5-67
MERGED from [:virtualcard:2.22.12] AndroidManifest.xml:14:5-67
	android:name
		ADDED from [com.google.android.gms:play-services-gcm:8.3.0] AndroidManifest.xml:22:22-64
meta-data#com.google.android.gms.version
ADDED from [com.google.android.gms:play-services-basement:8.3.0] AndroidManifest.xml:21:9-23:69
MERGED from [com.google.android.gms:play-services-basement:8.3.0] AndroidManifest.xml:21:9-23:69
	android:value
		ADDED from [com.google.android.gms:play-services-basement:8.3.0] AndroidManifest.xml:23:13-66
	android:name
		ADDED from [com.google.android.gms:play-services-basement:8.3.0] AndroidManifest.xml:22:13-58
uses-permission#android.permission.ACCESS_NETWORK_STATE
ADDED from [com.google.android.gms:play-services-measurement:8.3.0] AndroidManifest.xml:22:5-79
	android:name
		ADDED from [com.google.android.gms:play-services-measurement:8.3.0] AndroidManifest.xml:22:22-76
uses-permission#android.permission.WAKE_LOCK
ADDED from [com.google.android.gms:play-services-measurement:8.3.0] AndroidManifest.xml:24:5-67
MERGED from [:virtualcard:2.22.12] AndroidManifest.xml:15:5-68
	android:name
		ADDED from [com.google.android.gms:play-services-measurement:8.3.0] AndroidManifest.xml:24:22-65
provider#com.google.android.gms.measurement.AppMeasurementContentProvider
ADDED from [com.google.android.gms:play-services-measurement:8.3.0] AndroidManifest.xml:28:7-31:37
	android:authorities
		ADDED from [com.google.android.gms:play-services-measurement:8.3.0] AndroidManifest.xml:29:11-76
	android:exported
		ADDED from [com.google.android.gms:play-services-measurement:8.3.0] AndroidManifest.xml:31:11-35
	android:name
		ADDED from [com.google.android.gms:play-services-measurement:8.3.0] AndroidManifest.xml:30:11-90
receiver#com.google.android.gms.measurement.AppMeasurementReceiver
ADDED from [com.google.android.gms:play-services-measurement:8.3.0] AndroidManifest.xml:33:7-39:18
	android:enabled
		ADDED from [com.google.android.gms:play-services-measurement:8.3.0] AndroidManifest.xml:35:11-33
	android:name
		ADDED from [com.google.android.gms:play-services-measurement:8.3.0] AndroidManifest.xml:34:11-83
intent-filter#com.google.android.gms.measurement.UPLOAD
ADDED from [com.google.android.gms:play-services-measurement:8.3.0] AndroidManifest.xml:36:9-38:25
action#com.google.android.gms.measurement.UPLOAD
ADDED from [com.google.android.gms:play-services-measurement:8.3.0] AndroidManifest.xml:37:11-77
	android:name
		ADDED from [com.google.android.gms:play-services-measurement:8.3.0] AndroidManifest.xml:37:19-75
service#com.google.android.gms.measurement.AppMeasurementService
ADDED from [com.google.android.gms:play-services-measurement:8.3.0] AndroidManifest.xml:41:7-44:37
	android:enabled
		ADDED from [com.google.android.gms:play-services-measurement:8.3.0] AndroidManifest.xml:43:11-33
	android:exported
		ADDED from [com.google.android.gms:play-services-measurement:8.3.0] AndroidManifest.xml:44:11-35
	android:name
		ADDED from [com.google.android.gms:play-services-measurement:8.3.0] AndroidManifest.xml:42:11-82
uses-permission#android.permission.RECEIVE_BOOT_COMPLETED
ADDED from [:virtualcard:2.22.12] AndroidManifest.xml:11:5-81
	android:name
		ADDED from [:virtualcard:2.22.12] AndroidManifest.xml:11:22-78
uses-permission#android.permission.NFC
ADDED from [:virtualcard:2.22.12] AndroidManifest.xml:12:5-62
	android:name
		ADDED from [:virtualcard:2.22.12] AndroidManifest.xml:12:22-59
uses-permission#android.permission.READ_PHONE_STATE
ADDED from [:virtualcard:2.22.12] AndroidManifest.xml:13:5-75
	android:name
		ADDED from [:virtualcard:2.22.12] AndroidManifest.xml:13:22-72
permission#.permission.C2D_MESSAGE
ADDED from [:virtualcard:2.22.12] AndroidManifest.xml:18:5-20:47
	android:protectionLevel
		ADDED from [:virtualcard:2.22.12] AndroidManifest.xml:20:9-44
	android:name
		ADDED from [:virtualcard:2.22.12] AndroidManifest.xml:19:9-47
uses-feature#android.hardware.nfc
ADDED from [:virtualcard:2.22.12] AndroidManifest.xml:22:5-24:35
	android:required
		ADDED from [:virtualcard:2.22.12] AndroidManifest.xml:24:9-32
	android:name
		ADDED from [:virtualcard:2.22.12] AndroidManifest.xml:23:9-44
receiver#com.google.android.gms.gcm.GcmReceiver
ADDED from [:virtualcard:2.22.12] AndroidManifest.xml:33:9-42:20
	android:exported
		ADDED from [:virtualcard:2.22.12] AndroidManifest.xml:35:13-36
	android:permission
		ADDED from [:virtualcard:2.22.12] AndroidManifest.xml:36:13-73
	android:name
		ADDED from [:virtualcard:2.22.12] AndroidManifest.xml:34:13-66
intent-filter#com.google.android.c2dm.intent.RECEIVE+com.simplytapp.virtualcard
ADDED from [:virtualcard:2.22.12] AndroidManifest.xml:37:13-41:29
action#com.google.android.c2dm.intent.RECEIVE
ADDED from [:virtualcard:2.22.12] AndroidManifest.xml:38:17-81
	android:name
		ADDED from [:virtualcard:2.22.12] AndroidManifest.xml:38:25-78
category#com.simplytapp.virtualcard
ADDED from [:virtualcard:2.22.12] AndroidManifest.xml:40:17-71
	android:name
		ADDED from [:virtualcard:2.22.12] AndroidManifest.xml:40:27-68
service#com.simplytapp.virtualcard.VirtualCardGcmListenerService
ADDED from [:virtualcard:2.22.12] AndroidManifest.xml:44:9-50:19
	android:exported
		ADDED from [:virtualcard:2.22.12] AndroidManifest.xml:46:13-37
	android:name
		ADDED from [:virtualcard:2.22.12] AndroidManifest.xml:45:13-84
intent-filter#com.google.android.c2dm.intent.RECEIVE
ADDED from [:virtualcard:2.22.12] AndroidManifest.xml:47:13-49:29
service#com.simplytapp.virtualcard.VirtualCardInstanceIDListenerService
ADDED from [:virtualcard:2.22.12] AndroidManifest.xml:51:9-57:19
	android:exported
		ADDED from [:virtualcard:2.22.12] AndroidManifest.xml:53:13-37
	android:name
		ADDED from [:virtualcard:2.22.12] AndroidManifest.xml:52:13-91
intent-filter#com.google.android.gms.iid.InstanceID
ADDED from [:virtualcard:2.22.12] AndroidManifest.xml:54:13-56:29
action#com.google.android.gms.iid.InstanceID
ADDED from [:virtualcard:2.22.12] AndroidManifest.xml:55:17-80
	android:name
		ADDED from [:virtualcard:2.22.12] AndroidManifest.xml:55:25-77
service#com.simplytapp.virtualcard.GcmRegistrationIntentService
ADDED from [:virtualcard:2.22.12] AndroidManifest.xml:58:9-60:40
	android:exported
		ADDED from [:virtualcard:2.22.12] AndroidManifest.xml:60:13-37
	android:name
		ADDED from [:virtualcard:2.22.12] AndroidManifest.xml:59:13-83
receiver#com.simplytapp.virtualcard.WakeupAlarmTriggered
ADDED from [:virtualcard:2.22.12] AndroidManifest.xml:63:9-84
	android:name
		ADDED from [:virtualcard:2.22.12] AndroidManifest.xml:63:19-81
service#com.simplytapp.virtualcard.WakeupAlarmTriggeredIntentService
ADDED from [:virtualcard:2.22.12] AndroidManifest.xml:65:9-96
	android:name
		ADDED from [:virtualcard:2.22.12] AndroidManifest.xml:65:18-93
receiver#com.simplytapp.virtualcard.ScheduleAlarmsOnBoot
ADDED from [:virtualcard:2.22.12] AndroidManifest.xml:67:9-74:20
	android:enabled
		ADDED from [:virtualcard:2.22.12] AndroidManifest.xml:69:13-36
	android:exported
		ADDED from [:virtualcard:2.22.12] AndroidManifest.xml:70:13-37
	android:name
		ADDED from [:virtualcard:2.22.12] AndroidManifest.xml:68:13-75
intent-filter#android.intent.action.BOOT_COMPLETED
ADDED from [:virtualcard:2.22.12] AndroidManifest.xml:71:13-73:29
action#android.intent.action.BOOT_COMPLETED
ADDED from [:virtualcard:2.22.12] AndroidManifest.xml:72:17-79
	android:name
		ADDED from [:virtualcard:2.22.12] AndroidManifest.xml:72:25-76
service#com.simplytapp.virtualcard.ScheduleAlarmsIntentService
ADDED from [:virtualcard:2.22.12] AndroidManifest.xml:76:9-78:40
	android:exported
		ADDED from [:virtualcard:2.22.12] AndroidManifest.xml:78:13-37
	android:name
		ADDED from [:virtualcard:2.22.12] AndroidManifest.xml:77:13-82
service#com.simplytapp.virtualcard.ApduService
ADDED from [:virtualcard:2.22.12] AndroidManifest.xml:79:9-92:19
	android:exported
		ADDED from [:virtualcard:2.22.12] AndroidManifest.xml:81:13-36
	android:permission
		ADDED from [:virtualcard:2.22.12] AndroidManifest.xml:82:13-69
	android:name
		ADDED from [:virtualcard:2.22.12] AndroidManifest.xml:80:13-66
intent-filter#android.intent.category.DEFAULT+android.nfc.cardemulation.action.HOST_APDU_SERVICE
ADDED from [:virtualcard:2.22.12] AndroidManifest.xml:83:13-87:29
action#android.nfc.cardemulation.action.HOST_APDU_SERVICE
ADDED from [:virtualcard:2.22.12] AndroidManifest.xml:84:17-93
	android:name
		ADDED from [:virtualcard:2.22.12] AndroidManifest.xml:84:25-90
category#android.intent.category.DEFAULT
ADDED from [:virtualcard:2.22.12] AndroidManifest.xml:86:17-76
	android:name
		ADDED from [:virtualcard:2.22.12] AndroidManifest.xml:86:27-73
meta-data#android.nfc.cardemulation.host_apdu_service
ADDED from [:virtualcard:2.22.12] AndroidManifest.xml:89:13-91:52
	android:resource
		ADDED from [:virtualcard:2.22.12] AndroidManifest.xml:91:17-49
	android:name
		ADDED from [:virtualcard:2.22.12] AndroidManifest.xml:90:17-75